2020-02-04 09:51:06 INFO: Access Token has expired. Hence refreshing.
2020-02-04 09:51:07 SEVERE: Exception occured while Saving OAuthTokens to file(file::ZohoOAuthPersistenceByFile)(file_put_contents(/var/www/softphone/storage/zoho/token_storage//zcrm_oauthtokens.txt): failed to open stream: Permission denied)
ErrorException: file_put_contents(/var/www/softphone/storage/zoho/token_storage//zcrm_oauthtokens.txt): failed to open stream: Permission denied in /var/www/softphone/vendor/zohocrm/php-sdk/src/oauth/persistence/ZohoOAuthPersistenceByFile.php:90
Stack trace:
#0 [internal function]: Illuminate\Foundation\Bootstrap\HandleExceptions->handleError(2, 'file_put_conten...', '/var/www/softph...', 90, Array)
#1 /var/www/softphone/vendor/zohocrm/php-sdk/src/oauth/persistence/ZohoOAuthPersistenceByFile.php(90): file_put_contents('/var/www/softph...', 'a:1:{i:0;O:37:"...')
#2 /var/www/softphone/vendor/zohocrm/php-sdk/src/oauth/persistence/ZohoOAuthPersistenceByFile.php(23): zcrmsdk\oauth\persistence\ZohoOAuthPersistenceByFile->deleteOAuthTokens('support@wellnes...')
#3 /var/www/softphone/vendor/zohocrm/php-sdk/src/oauth/ZohoOAuthClient.php(97): zcrmsdk\oauth\persistence\ZohoOAuthPersistenceByFile->saveOAuthData(Object(zcrmsdk\oauth\utility\ZohoOAuthTokens))
#4 /var/www/softphone/vendor/zohocrm/php-sdk/src/oauth/ZohoOAuthClient.php(47): zcrmsdk\oauth\ZohoOAuthClient->refreshAccessToken('1000.66caa434a4...', 'support@wellnes...')
#5 /var/www/softphone/vendor/zohocrm/php-sdk/src/crm/utility/ZCRMConfigUtil.php(104): zcrmsdk\oauth\ZohoOAuthClient->getAccessToken('support@wellnes...')
#6 /var/www/softphone/vendor/zohocrm/php-sdk/src/crm/api/APIRequest.php(88): zcrmsdk\crm\utility\ZCRMConfigUtil::getAccessToken()
#7 /var/www/softphone/vendor/zohocrm/php-sdk/src/crm/api/APIRequest.php(138): zcrmsdk\crm\api\APIRequest->authenticateRequest()
#8 /var/www/softphone/vendor/zohocrm/php-sdk/src/crm/api/handler/MassEntityAPIHandler.php(291): zcrmsdk\crm\api\APIRequest->getBulkAPIResponse()
#9 /var/www/softphone/vendor/zohocrm/php-sdk/src/crm/crud/ZCRMModule.php(1082): zcrmsdk\crm\api\handler\MassEntityAPIHandler->getRecords(Array, Array)
#10 /var/www/softphone/app/Zoho/Calls.php(41): zcrmsdk\crm\crud\ZCRMModule->getRecords(Array, Array)
#11 /var/www/softphone/app/Models/ReportMissed.php(161): App\Zoho\Calls->getActivities('2020-02-03T03:0...', false)
#12 /var/www/softphone/app/Http/Controllers/SoftPhone/ReportMissed.php(56): App\Models\ReportMissed->loadFromRemoteServer()
#13 [internal function]: App\Http\Controllers\SoftPhone\ReportMissed->getCalls(NULL, NULL, NULL, NULL, NULL, 'DESC', 1)
#14 /var/www/softphone/vendor/laravel/framework/src/Illuminate/Routing/Controller.php(54): call_user_func_array(Array, Array)
#15 /var/www/softphone/vendor/laravel/framework/src/Illuminate/Routing/ControllerDispatcher.php(45): Illuminate\Routing\Controller->callAction('getCalls', Array)
#16 /var/www/softphone/vendor/laravel/framework/src/Illuminate/Routing/Route.php(219): Illuminate\Routing\ControllerDispatcher->dispatch(Object(Illuminate\Routing\Route), Object(App\Http\Controllers\SoftPhone\ReportMissed), 'getCalls')
#17 /var/www/softphone/vendor/laravel/framework/src/Illuminate/Routing/Route.php(176): Illuminate\Routing\Route->runController()
#18 /var/www/softphone/vendor/laravel/framework/src/Illuminate/Routing/Router.php(681): Illuminate\Routing\Route->run()
#19 /var/www/softphone/vendor/laravel/framework/src/Illuminate/Pipeline/Pipeline.php(130): Illuminate\Routing\Router->Illuminate\Routing\{closure}(Object(Illuminate\Http\Request))
#20 /var/www/softphone/vendor/laravel/framework/src/Illuminate/Routing/Middleware/SubstituteBindings.php(41): Illuminate\Pipeline\Pipeline->Illuminate\Pipeline\{closure}(Object(Illuminate\Http\Request))
#21 /var/www/softphone/vendor/laravel/framework/src/Illuminate/Pipeline/Pipeline.php(171): Illuminate\Routing\Middleware\SubstituteBindings->handle(Object(Illuminate\Http\Request), Object(Closure))
#22 /var/www/softphone/vendor/laravel/framework/src/Illuminate/Foundation/Http/Middleware/VerifyCsrfToken.php(76): Illuminate\Pipeline\Pipeline->Illuminate\Pipeline\{closure}(Object(Illuminate\Http\Request))
#23 /var/www/softphone/vendor/laravel/framework/src/Illuminate/Pipeline/Pipeline.php(171): Illuminate\Foundation\Http\Middleware\VerifyCsrfToken->handle(Object(Illuminate\Http\Request), Object(Closure))
#24 /var/www/softphone/vendor/laravel/framework/src/Illuminate/View/Middleware/ShareErrorsFromSession.php(49): Illuminate\Pipeline\Pipeline->Illuminate\Pipeline\{closure}(Object(Illuminate\Http\Request))
#25 /var/www/softphone/vendor/laravel/framework/src/Illuminate/Pipeline/Pipeline.php(171): Illuminate\View\Middleware\ShareErrorsFromSession->handle(Object(Illuminate\Http\Request), Object(Closure))
#26 /var/www/softphone/vendor/laravel/framework/src/Illuminate/Session/Middleware/StartSession.php(56): Illuminate\Pipeline\Pipeline->Illuminate\Pipeline\{closure}(Object(Illuminate\Http\Request))
#27 /var/www/softphone/vendor/laravel/framework/src/Illuminate/Pipeline/Pipeline.php(171): Illuminate\Session\Middleware\StartSession->handle(Object(Illuminate\Http\Request), Object(Closure))
#28 /var/www/softphone/vendor/laravel/framework/src/Illuminate/Cookie/Middleware/AddQueuedCookiesToResponse.php(37): Illuminate\Pipeline\Pipeline->Illuminate\Pipeline\{closure}(Object(Illuminate\Http\Request))
#29 /var/www/softphone/vendor/laravel/framework/src/Illuminate/Pipeline/Pipeline.php(171): Illuminate\Cookie\Middleware\AddQueuedCookiesToResponse->handle(Object(Illuminate\Http\Request), Object(Closure))
#30 /var/www/softphone/vendor/laravel/framework/src/Illuminate/Cookie/Middleware/EncryptCookies.php(66): Illuminate\Pipeline\Pipeline->Illuminate\Pipeline\{closure}(Object(Illuminate\Http\Request))
#31 /var/www/softphone/vendor/laravel/framework/src/Illuminate/Pipeline/Pipeline.php(171): Illuminate\Cookie\Middleware\EncryptCookies->handle(Object(Illuminate\Http\Request), Object(Closure))
#32 /var/www/softphone/vendor/laravel/framework/src/Illuminate/Pipeline/Pipeline.php(105): Illuminate\Pipeline\Pipeline->Illuminate\Pipeline\{closure}(Object(Illuminate\Http\Request))
#33 /var/www/softphone/vendor/laravel/framework/src/Illuminate/Routing/Router.php(683): Illuminate\Pipeline\Pipeline->then(Object(Closure))
#34 /var/www/softphone/vendor/laravel/framework/src/Illuminate/Routing/Router.php(658): Illuminate\Routing\Router->runRouteWithinStack(Object(Illuminate\Routing\Route), Object(Illuminate\Http\Request))
#35 /var/www/softphone/vendor/laravel/framework/src/Illuminate/Routing/Router.php(624): Illuminate\Routing\Router->runRoute(Object(Illuminate\Http\Request), Object(Illuminate\Routing\Route))
#36 /var/www/softphone/vendor/laravel/framework/src/Illuminate/Routing/Router.php(613): Illuminate\Routing\Router->dispatchToRoute(Object(Illuminate\Http\Request))
#37 /var/www/softphone/vendor/laravel/framework/src/Illuminate/Foundation/Http/Kernel.php(170): Illuminate\Routing\Router->dispatch(Object(Illuminate\Http\Request))
#38 /var/www/softphone/vendor/laravel/framework/src/Illuminate/Pipeline/Pipeline.php(130): Illuminate\Foundation\Http\Kernel->Illuminate\Foundation\Http\{closure}(Object(Illuminate\Http\Request))
#39 /var/www/softphone/vendor/barryvdh/laravel-debugbar/src/Middleware/InjectDebugbar.php(65): Illuminate\Pipeline\Pipeline->Illuminate\Pipeline\{closure}(Object(Illuminate\Http\Request))
#40 /var/www/softphone/vendor/laravel/framework/src/Illuminate/Pipeline/Pipeline.php(171): Barryvdh\Debugbar\Middleware\InjectDebugbar->handle(Object(Illuminate\Http\Request), Object(Closure))
#41 /var/www/softphone/vendor/laravel/framework/src/Illuminate/Foundation/Http/Middleware/TransformsRequest.php(21): Illuminate\Pipeline\Pipeline->Illuminate\Pipeline\{closure}(Object(Illuminate\Http\Request))
#42 /var/www/softphone/vendor/laravel/framework/src/Illuminate/Pipeline/Pipeline.php(171): Illuminate\Foundation\Http\Middleware\TransformsRequest->handle(Object(Illuminate\Http\Request), Object(Closure))
#43 /var/www/softphone/vendor/laravel/framework/src/Illuminate/Foundation/Http/Middleware/TransformsRequest.php(21): Illuminate\Pipeline\Pipeline->Illuminate\Pipeline\{closure}(Object(Illuminate\Http\Request))
#44 /var/www/softphone/vendor/laravel/framework/src/Illuminate/Pipeline/Pipeline.php(171): Illuminate\Foundation\Http\Middleware\TransformsRequest->handle(Object(Illuminate\Http\Request), Object(Closure))
#45 /var/www/softphone/vendor/laravel/framework/src/Illuminate/Foundation/Http/Middleware/ValidatePostSize.php(27): Illuminate\Pipeline\Pipeline->Illuminate\Pipeline\{closure}(Object(Illuminate\Http\Request))
#46 /var/www/softphone/vendor/laravel/framework/src/Illuminate/Pipeline/Pipeline.php(171): Illuminate\Foundation\Http\Middleware\ValidatePostSize->handle(Object(Illuminate\Http\Request), Object(Closure))
#47 /var/www/softphone/vendor/laravel/framework/src/Illuminate/Foundation/Http/Middleware/CheckForMaintenanceMode.php(63): Illuminate\Pipeline\Pipeline->Illuminate\Pipeline\{closure}(Object(Illuminate\Http\Request))
#48 /var/www/softphone/vendor/laravel/framework/src/Illuminate/Pipeline/Pipeline.php(171): Illuminate\Foundation\Http\Middleware\CheckForMaintenanceMode->handle(Object(Illuminate\Http\Request), Object(Closure))
#49 /var/www/softphone/vendor/fideloper/proxy/src/TrustProxies.php(57): Illuminate\Pipeline\Pipeline->Illuminate\Pipeline\{closure}(Object(Illuminate\Http\Request))
#50 /var/www/softphone/vendor/laravel/framework/src/Illuminate/Pipeline/Pipeline.php(171): Fideloper\Proxy\TrustProxies->handle(Object(Illuminate\Http\Request), Object(Closure))
#51 /var/www/softphone/vendor/laravel/framework/src/Illuminate/Pipeline/Pipeline.php(105): Illuminate\Pipeline\Pipeline->Illuminate\Pipeline\{closure}(Object(Illuminate\Http\Request))
#52 /var/www/softphone/vendor/laravel/framework/src/Illuminate/Foundation/Http/Kernel.php(145): Illuminate\Pipeline\Pipeline->then(Object(Closure))
#53 /var/www/softphone/vendor/laravel/framework/src/Illuminate/Foundation/Http/Kernel.php(110): Illuminate\Foundation\Http\Kernel->sendRequestThroughRouter(Object(Illuminate\Http\Request))
#54 /var/www/softphone/public/index.php(55): Illuminate\Foundation\Http\Kernel->handle(Object(Illuminate\Http\Request))
#55 {main}
2020-02-04 09:51:07 SEVERE: Exception occured while Saving OAuthTokens to file(file::ZohoOAuthPersistenceByFile)(file_put_contents(/var/www/softphone/storage/zoho/token_storage//zcrm_oauthtokens.txt): failed to open stream: Permission denied)
ErrorException: file_put_contents(/var/www/softphone/storage/zoho/token_storage//zcrm_oauthtokens.txt): failed to open stream: Permission denied in /var/www/softphone/vendor/zohocrm/php-sdk/src/oauth/persistence/ZohoOAuthPersistenceByFile.php:90
Stack trace:
#0 [internal function]: Illuminate\Foundation\Bootstrap\HandleExceptions->handleError(2, 'file_put_conten...', '/var/www/softph...', 90, Array)
#1 /var/www/softphone/vendor/zohocrm/php-sdk/src/oauth/persistence/ZohoOAuthPersistenceByFile.php(90): file_put_contents('/var/www/softph...', 'a:1:{i:0;O:37:"...')
#2 /var/www/softphone/vendor/zohocrm/php-sdk/src/oauth/persistence/ZohoOAuthPersistenceByFile.php(23): zcrmsdk\oauth\persistence\ZohoOAuthPersistenceByFile->deleteOAuthTokens('support@wellnes...')
#3 /var/www/softphone/vendor/zohocrm/php-sdk/src/oauth/ZohoOAuthClient.php(97): zcrmsdk\oauth\persistence\ZohoOAuthPersistenceByFile->saveOAuthData(Object(zcrmsdk\oauth\utility\ZohoOAuthTokens))
#4 /var/www/softphone/vendor/zohocrm/php-sdk/src/oauth/ZohoOAuthClient.php(47): zcrmsdk\oauth\ZohoOAuthClient->refreshAccessToken('1000.66caa434a4...', 'support@wellnes...')
#5 /var/www/softphone/vendor/zohocrm/php-sdk/src/crm/utility/ZCRMConfigUtil.php(104): zcrmsdk\oauth\ZohoOAuthClient->getAccessToken('support@wellnes...')
#6 /var/www/softphone/vendor/zohocrm/php-sdk/src/crm/api/APIRequest.php(88): zcrmsdk\crm\utility\ZCRMConfigUtil::getAccessToken()
#7 /var/www/softphone/vendor/zohocrm/php-sdk/src/crm/api/APIRequest.php(138): zcrmsdk\crm\api\APIRequest->authenticateRequest()
#8 /var/www/softphone/vendor/zohocrm/php-sdk/src/crm/api/handler/MassEntityAPIHandler.php(291): zcrmsdk\crm\api\APIRequest->getBulkAPIResponse()
#9 /var/www/softphone/vendor/zohocrm/php-sdk/src/crm/crud/ZCRMModule.php(1082): zcrmsdk\crm\api\handler\MassEntityAPIHandler->getRecords(Array, Array)
#10 /var/www/softphone/app/Zoho/Calls.php(41): zcrmsdk\crm\crud\ZCRMModule->getRecords(Array, Array)
#11 /var/www/softphone/app/Models/ReportMissed.php(161): App\Zoho\Calls->getActivities('2020-02-03T03:0...', false)
#12 /var/www/softphone/app/Http/Controllers/SoftPhone/ReportMissed.php(56): App\Models\ReportMissed->loadFromRemoteServer()
#13 [internal function]: App\Http\Controllers\SoftPhone\ReportMissed->getCalls(NULL, NULL, NULL, NULL, NULL, 'DESC', 1)
#14 /var/www/softphone/vendor/laravel/framework/src/Illuminate/Routing/Controller.php(54): call_user_func_array(Array, Array)
#15 /var/www/softphone/vendor/laravel/framework/src/Illuminate/Routing/ControllerDispatcher.php(45): Illuminate\Routing\Controller->callAction('getCalls', Array)
#16 /var/www/softphone/vendor/laravel/framework/src/Illuminate/Routing/Route.php(219): Illuminate\Routing\ControllerDispatcher->dispatch(Object(Illuminate\Routing\Route), Object(App\Http\Controllers\SoftPhone\ReportMissed), 'getCalls')
#17 /var/www/softphone/vendor/laravel/framework/src/Illuminate/Routing/Route.php(176): Illuminate\Routing\Route->runController()
#18 /var/www/softphone/vendor/laravel/framework/src/Illuminate/Routing/Router.php(681): Illuminate\Routing\Route->run()
#19 /var/www/softphone/vendor/laravel/framework/src/Illuminate/Pipeline/Pipeline.php(130): Illuminate\Routing\Router->Illuminate\Routing\{closure}(Object(Illuminate\Http\Request))
#20 /var/www/softphone/vendor/laravel/framework/src/Illuminate/Routing/Middleware/SubstituteBindings.php(41): Illuminate\Pipeline\Pipeline->Illuminate\Pipeline\{closure}(Object(Illuminate\Http\Request))
#21 /var/www/softphone/vendor/laravel/framework/src/Illuminate/Pipeline/Pipeline.php(171): Illuminate\Routing\Middleware\SubstituteBindings->handle(Object(Illuminate\Http\Request), Object(Closure))
#22 /var/www/softphone/vendor/laravel/framework/src/Illuminate/Foundation/Http/Middleware/VerifyCsrfToken.php(76): Illuminate\Pipeline\Pipeline->Illuminate\Pipeline\{closure}(Object(Illuminate\Http\Request))
#23 /var/www/softphone/vendor/laravel/framework/src/Illuminate/Pipeline/Pipeline.php(171): Illuminate\Foundation\Http\Middleware\VerifyCsrfToken->handle(Object(Illuminate\Http\Request), Object(Closure))
#24 /var/www/softphone/vendor/laravel/framework/src/Illuminate/View/Middleware/ShareErrorsFromSession.php(49): Illuminate\Pipeline\Pipeline->Illuminate\Pipeline\{closure}(Object(Illuminate\Http\Request))
#25 /var/www/softphone/vendor/laravel/framework/src/Illuminate/Pipeline/Pipeline.php(171): Illuminate\View\Middleware\ShareErrorsFromSession->handle(Object(Illuminate\Http\Request), Object(Closure))
#26 /var/www/softphone/vendor/laravel/framework/src/Illuminate/Session/Middleware/StartSession.php(56): Illuminate\Pipeline\Pipeline->Illuminate\Pipeline\{closure}(Object(Illuminate\Http\Request))
#27 /var/www/softphone/vendor/laravel/framework/src/Illuminate/Pipeline/Pipeline.php(171): Illuminate\Session\Middleware\StartSession->handle(Object(Illuminate\Http\Request), Object(Closure))
#28 /var/www/softphone/vendor/laravel/framework/src/Illuminate/Cookie/Middleware/AddQueuedCookiesToResponse.php(37): Illuminate\Pipeline\Pipeline->Illuminate\Pipeline\{closure}(Object(Illuminate\Http\Request))
#29 /var/www/softphone/vendor/laravel/framework/src/Illuminate/Pipeline/Pipeline.php(171): Illuminate\Cookie\Middleware\AddQueuedCookiesToResponse->handle(Object(Illuminate\Http\Request), Object(Closure))
#30 /var/www/softphone/vendor/laravel/framework/src/Illuminate/Cookie/Middleware/EncryptCookies.php(66): Illuminate\Pipeline\Pipeline->Illuminate\Pipeline\{closure}(Object(Illuminate\Http\Request))
#31 /var/www/softphone/vendor/laravel/framework/src/Illuminate/Pipeline/Pipeline.php(171): Illuminate\Cookie\Middleware\EncryptCookies->handle(Object(Illuminate\Http\Request), Object(Closure))
#32 /var/www/softphone/vendor/laravel/framework/src/Illuminate/Pipeline/Pipeline.php(105): Illuminate\Pipeline\Pipeline->Illuminate\Pipeline\{closure}(Object(Illuminate\Http\Request))
#33 /var/www/softphone/vendor/laravel/framework/src/Illuminate/Routing/Router.php(683): Illuminate\Pipeline\Pipeline->then(Object(Closure))
#34 /var/www/softphone/vendor/laravel/framework/src/Illuminate/Routing/Router.php(658): Illuminate\Routing\Router->runRouteWithinStack(Object(Illuminate\Routing\Route), Object(Illuminate\Http\Request))
#35 /var/www/softphone/vendor/laravel/framework/src/Illuminate/Routing/Router.php(624): Illuminate\Routing\Router->runRoute(Object(Illuminate\Http\Request), Object(Illuminate\Routing\Route))
#36 /var/www/softphone/vendor/laravel/framework/src/Illuminate/Routing/Router.php(613): Illuminate\Routing\Router->dispatchToRoute(Object(Illuminate\Http\Request))
#37 /var/www/softphone/vendor/laravel/framework/src/Illuminate/Foundation/Http/Kernel.php(170): Illuminate\Routing\Router->dispatch(Object(Illuminate\Http\Request))
#38 /var/www/softphone/vendor/laravel/framework/src/Illuminate/Pipeline/Pipeline.php(130): Illuminate\Foundation\Http\Kernel->Illuminate\Foundation\Http\{closure}(Object(Illuminate\Http\Request))
#39 /var/www/softphone/vendor/barryvdh/laravel-debugbar/src/Middleware/InjectDebugbar.php(65): Illuminate\Pipeline\Pipeline->Illuminate\Pipeline\{closure}(Object(Illuminate\Http\Request))
#40 /var/www/softphone/vendor/laravel/framework/src/Illuminate/Pipeline/Pipeline.php(171): Barryvdh\Debugbar\Middleware\InjectDebugbar->handle(Object(Illuminate\Http\Request), Object(Closure))
#41 /var/www/softphone/vendor/laravel/framework/src/Illuminate/Foundation/Http/Middleware/TransformsRequest.php(21): Illuminate\Pipeline\Pipeline->Illuminate\Pipeline\{closure}(Object(Illuminate\Http\Request))
#42 /var/www/softphone/vendor/laravel/framework/src/Illuminate/Pipeline/Pipeline.php(171): Illuminate\Foundation\Http\Middleware\TransformsRequest->handle(Object(Illuminate\Http\Request), Object(Closure))
#43 /var/www/softphone/vendor/laravel/framework/src/Illuminate/Foundation/Http/Middleware/TransformsRequest.php(21): Illuminate\Pipeline\Pipeline->Illuminate\Pipeline\{closure}(Object(Illuminate\Http\Request))
#44 /var/www/softphone/vendor/laravel/framework/src/Illuminate/Pipeline/Pipeline.php(171): Illuminate\Foundation\Http\Middleware\TransformsRequest->handle(Object(Illuminate\Http\Request), Object(Closure))
#45 /var/www/softphone/vendor/laravel/framework/src/Illuminate/Foundation/Http/Middleware/ValidatePostSize.php(27): Illuminate\Pipeline\Pipeline->Illuminate\Pipeline\{closure}(Object(Illuminate\Http\Request))
#46 /var/www/softphone/vendor/laravel/framework/src/Illuminate/Pipeline/Pipeline.php(171): Illuminate\Foundation\Http\Middleware\ValidatePostSize->handle(Object(Illuminate\Http\Request), Object(Closure))
#47 /var/www/softphone/vendor/laravel/framework/src/Illuminate/Foundation/Http/Middleware/CheckForMaintenanceMode.php(63): Illuminate\Pipeline\Pipeline->Illuminate\Pipeline\{closure}(Object(Illuminate\Http\Request))
#48 /var/www/softphone/vendor/laravel/framework/src/Illuminate/Pipeline/Pipeline.php(171): Illuminate\Foundation\Http\Middleware\CheckForMaintenanceMode->handle(Object(Illuminate\Http\Request), Object(Closure))
#49 /var/www/softphone/vendor/fideloper/proxy/src/TrustProxies.php(57): Illuminate\Pipeline\Pipeline->Illuminate\Pipeline\{closure}(Object(Illuminate\Http\Request))
#50 /var/www/softphone/vendor/laravel/framework/src/Illuminate/Pipeline/Pipeline.php(171): Fideloper\Proxy\TrustProxies->handle(Object(Illuminate\Http\Request), Object(Closure))
#51 /var/www/softphone/vendor/laravel/framework/src/Illuminate/Pipeline/Pipeline.php(105): Illuminate\Pipeline\Pipeline->Illuminate\Pipeline\{closure}(Object(Illuminate\Http\Request))
#52 /var/www/softphone/vendor/laravel/framework/src/Illuminate/Foundation/Http/Kernel.php(145): Illuminate\Pipeline\Pipeline->then(Object(Closure))
#53 /var/www/softphone/vendor/laravel/framework/src/Illuminate/Foundation/Http/Kernel.php(110): Illuminate\Foundation\Http\Kernel->sendRequestThroughRouter(Object(Illuminate\Http\Request))
#54 /var/www/softphone/public/index.php(55): Illuminate\Foundation\Http\Kernel->handle(Object(Illuminate\Http\Request))
#55 {main}
2020-02-04 09:51:27 INFO: Access Token has expired. Hence refreshing.
